build/intermediates/manifest_merge_blame_file/release/manifest-merger-blame-release-report.txt
1<?xml version="1.0" encoding="utf-8"?>
2<manifest xmlns:android="http://schemas.android.com/apk/res/android"
3    package="com.example.signup"
4    android:versionCode="1"
5    android:versionName="1.0" >
6
7    <uses-sdk
8        android:minSdkVersion="16"
8-->src/main/AndroidManifest.xml
9        android:targetSdkVersion="29" />
9-->src/main/AndroidManifest.xml
10
11    <uses-permission android:name="android.permission.INTERNET" />
11-->src/main/AndroidManifest.xml:4:5-67
11-->src/main/AndroidManifest.xml:4:22-64
12    <uses-permission android:name="android.permission.READ_EXTERNAL_STORAGE" />
12-->src/main/AndroidManifest.xml:5:5-80
12-->src/main/AndroidManifest.xml:5:22-77
13    <uses-permission android:name="android.permission.WRITE_EXTERNAL_STORAGE" />
13-->src/main/AndroidManifest.xml:6:5-81
13-->src/main/AndroidManifest.xml:6:22-78
14    <uses-permission android:name="android.permission.ACCESS_NETWORK_STATE" />
14-->src/main/AndroidManifest.xml:7:5-79
14-->src/main/AndroidManifest.xml:7:22-76
15    <uses-permission android:name="android.permission.ACCESS_FINE_LOCATION" />
15-->src/main/AndroidManifest.xml:8:5-79
15-->src/main/AndroidManifest.xml:8:22-76
16    <uses-permission android:name="android.permission.WAKE_LOCK" /> <!-- Required by older versions of Google Play services to create IID tokens -->
16-->[com.google.firebase:firebase-iid:21.0.0] AndroidManifest.xml:24:5-68
16-->[com.google.firebase:firebase-iid:21.0.0] AndroidManifest.xml:24:22-65
17    <uses-permission android:name="com.google.android.c2dm.permission.RECEIVE" />
17-->[com.google.firebase:firebase-iid:21.0.0] AndroidManifest.xml:26:5-82
17-->[com.google.firebase:firebase-iid:21.0.0] AndroidManifest.xml:26:22-79
18    <uses-permission android:name="com.google.android.finsky.permission.BIND_GET_INSTALL_REFERRER_SERVICE" />
18-->[com.google.android.gms:play-services-measurement:18.0.0] AndroidManifest.xml:26:5-110
18-->[com.google.android.gms:play-services-measurement:18.0.0] AndroidManifest.xml:26:22-107
19
20    <application
20-->src/main/AndroidManifest.xml:9:5-69:19
21        android:name="androidx.multidex.MultiDexApplication"
22        android:allowBackup="true"
22-->src/main/AndroidManifest.xml:10:9-35
23        android:appComponentFactory="androidx.core.app.CoreComponentFactory"
23-->[androidx.core:core:1.5.0-alpha02] AndroidManifest.xml:24:18-86
24        android:icon="@mipmap/ic_launcher"
24-->src/main/AndroidManifest.xml:11:9-43
25        android:label="@string/app_name"
25-->src/main/AndroidManifest.xml:12:9-41
26        android:roundIcon="@mipmap/ic_launcher_round"
26-->src/main/AndroidManifest.xml:13:9-54
27        android:supportsRtl="true"
27-->src/main/AndroidManifest.xml:14:9-35
28        android:theme="@style/AppTheme" >
28-->src/main/AndroidManifest.xml:15:9-40
29        <activity android:name="com.example.signup.profile" />
29-->src/main/AndroidManifest.xml:16:9-45
29-->src/main/AndroidManifest.xml:16:19-42
30        <activity android:name="com.example.signup.Contact_us" />
30-->src/main/AndroidManifest.xml:17:9-48
30-->src/main/AndroidManifest.xml:17:19-45
31
32        <meta-data
32-->src/main/AndroidManifest.xml:19:9-21:57
33            android:name="preloaded_fonts"
33-->src/main/AndroidManifest.xml:20:13-43
34            android:resource="@array/preloaded_fonts" />
34-->src/main/AndroidManifest.xml:21:13-54
35
36        <activity android:name="com.example.signup.LauncherActivity" >
36-->src/main/AndroidManifest.xml:23:9-29:20
36-->src/main/AndroidManifest.xml:23:19-51
37            <intent-filter>
37-->src/main/AndroidManifest.xml:24:13-28:29
38                <action android:name="android.intent.action.MAIN" />
38-->src/main/AndroidManifest.xml:25:17-69
38-->src/main/AndroidManifest.xml:25:25-66
39
40                <category android:name="android.intent.category.LAUNCHER" />
40-->src/main/AndroidManifest.xml:27:17-77
40-->src/main/AndroidManifest.xml:27:27-74
41            </intent-filter>
42        </activity>
43        <activity android:name="com.example.signup.MainActivity" />
43-->src/main/AndroidManifest.xml:30:9-50
43-->src/main/AndroidManifest.xml:30:19-47
44        <activity android:name="com.example.signup.LoginAsGuest" />
44-->src/main/AndroidManifest.xml:31:9-50
44-->src/main/AndroidManifest.xml:31:19-47
45        <activity android:name="com.example.signup.signup" />
45-->src/main/AndroidManifest.xml:32:9-43
45-->src/main/AndroidManifest.xml:32:19-41
46        <activity android:name="com.example.signup.Login.login" />
46-->src/main/AndroidManifest.xml:33:9-49
46-->src/main/AndroidManifest.xml:33:19-46
47        <activity android:name="com.example.signup.Login.forgot_pass" />
47-->src/main/AndroidManifest.xml:34:9-55
47-->src/main/AndroidManifest.xml:34:19-52
48        <activity android:name="com.example.signup.AllUsersActivity" />
48-->src/main/AndroidManifest.xml:35:9-54
48-->src/main/AndroidManifest.xml:35:19-51
49        <activity android:name="com.example.signup.ProfileActivity" />
49-->src/main/AndroidManifest.xml:36:9-53
49-->src/main/AndroidManifest.xml:36:19-50
50        <activity android:name="com.example.signup.ChatActivity" />
50-->src/main/AndroidManifest.xml:37:9-50
50-->src/main/AndroidManifest.xml:37:19-47
51        <activity android:name="com.example.signup.SettingsActivity" />
51-->src/main/AndroidManifest.xml:38:9-54
51-->src/main/AndroidManifest.xml:38:19-51
52        <activity android:name="com.example.signup.StatusActivity" />
52-->src/main/AndroidManifest.xml:39:9-52
52-->src/main/AndroidManifest.xml:39:19-49
53        <activity
53-->src/main/AndroidManifest.xml:40:9-42:59
54            android:name="com.theartofdev.edmodo.cropper.CropImageActivity"
54-->src/main/AndroidManifest.xml:41:13-76
55            android:theme="@style/Base.Theme.AppCompat" />
55-->src/main/AndroidManifest.xml:42:13-56
56        <activity
56-->src/main/AndroidManifest.xml:43:9-49:20
57            android:name="com.example.signup.NewPostActivity"
57-->src/main/AndroidManifest.xml:44:13-44
58            android:launchMode="singleTop" >
58-->src/main/AndroidManifest.xml:45:13-43
59            <meta-data
59-->src/main/AndroidManifest.xml:46:13-48:49
60                android:name="android.support.PARENT_ACTIVITY"
60-->src/main/AndroidManifest.xml:47:17-63
61                android:value=".MainActivity" />
61-->src/main/AndroidManifest.xml:48:17-46
62        </activity>
63        <activity
63-->src/main/AndroidManifest.xml:50:9-56:20
64            android:name="com.example.signup.CommentsActivity"
64-->src/main/AndroidManifest.xml:51:13-45
65            android:launchMode="singleTop" >
65-->src/main/AndroidManifest.xml:52:13-43
66            <meta-data
66-->src/main/AndroidManifest.xml:46:13-48:49
67                android:name="android.support.PARENT_ACTIVITY"
67-->src/main/AndroidManifest.xml:47:17-63
68                android:value=".MainActivity" />
68-->src/main/AndroidManifest.xml:48:17-46
69        </activity>
70        <activity
70-->src/main/AndroidManifest.xml:57:9-67:20
71            android:name="com.example.signup.SearchableActivity"
71-->src/main/AndroidManifest.xml:58:13-47
72            android:launchMode="singleTop" >
72-->src/main/AndroidManifest.xml:59:13-43
73            <intent-filter>
73-->src/main/AndroidManifest.xml:60:13-62:29
74                <action android:name="android.intent.action.SEARCH" />
74-->src/main/AndroidManifest.xml:61:17-71
74-->src/main/AndroidManifest.xml:61:25-68
75            </intent-filter>
76
77            <meta-data
77-->src/main/AndroidManifest.xml:64:13-66:54
78                android:name="android.app.searchable"
78-->src/main/AndroidManifest.xml:65:17-54
79                android:resource="@xml/searchable" />
79-->src/main/AndroidManifest.xml:66:17-51
80        </activity>
81        <activity android:name="com.example.signup.PostDetailsActivity" />
81-->src/main/AndroidManifest.xml:68:9-57
81-->src/main/AndroidManifest.xml:68:19-54
82
83        <meta-data
83-->[com.firebaseui:firebase-ui-database:1.2.0] AndroidManifest.xml:14:9-16:69
84            android:name="com.google.android.gms.version"
84-->[com.firebaseui:firebase-ui-database:1.2.0] AndroidManifest.xml:15:13-58
85            android:value="@integer/google_play_services_version" />
85-->[com.firebaseui:firebase-ui-database:1.2.0] AndroidManifest.xml:16:13-66
86
87        <service
87-->[com.google.firebase:firebase-database:19.5.1] AndroidManifest.xml:29:9-35:19
88            android:name="com.google.firebase.components.ComponentDiscoveryService"
88-->[com.google.firebase:firebase-database:19.5.1] AndroidManifest.xml:30:13-84
89            android:directBootAware="true"
89-->[com.google.firebase:firebase-common:19.4.0] AndroidManifest.xml:35:13-43
90            android:exported="false" >
90-->[com.google.firebase:firebase-database:19.5.1] AndroidManifest.xml:31:13-37
91            <meta-data
91-->[com.google.firebase:firebase-database:19.5.1] AndroidManifest.xml:32:13-34:85
92                android:name="com.google.firebase.components:com.google.firebase.database.DatabaseRegistrar"
92-->[com.google.firebase:firebase-database:19.5.1] AndroidManifest.xml:33:17-109
93                android:value="com.google.firebase.components.ComponentRegistrar" />
93-->[com.google.firebase:firebase-database:19.5.1] AndroidManifest.xml:34:17-82
94            <meta-data
94-->[com.google.firebase:firebase-messaging:21.0.0] AndroidManifest.xml:39:13-41:85
95                android:name="com.google.firebase.components:com.google.firebase.messaging.FirebaseMessagingRegistrar"
95-->[com.google.firebase:firebase-messaging:21.0.0] AndroidManifest.xml:40:17-119
96                android:value="com.google.firebase.components.ComponentRegistrar" />
96-->[com.google.firebase:firebase-messaging:21.0.0] AndroidManifest.xml:41:17-82
97            <meta-data
97-->[com.google.firebase:firebase-auth:20.0.1] AndroidManifest.xml:77:13-79:85
98                android:name="com.google.firebase.components:com.google.firebase.auth.FirebaseAuthRegistrar"
98-->[com.google.firebase:firebase-auth:20.0.1] AndroidManifest.xml:78:17-109
99                android:value="com.google.firebase.components.ComponentRegistrar" />
99-->[com.google.firebase:firebase-auth:20.0.1] AndroidManifest.xml:79:17-82
100            <meta-data
100-->[com.google.firebase:firebase-storage:19.2.0] AndroidManifest.xml:33:13-35:85
101                android:name="com.google.firebase.components:com.google.firebase.storage.StorageRegistrar"
101-->[com.google.firebase:firebase-storage:19.2.0] AndroidManifest.xml:34:17-107
102                android:value="com.google.firebase.components.ComponentRegistrar" />
102-->[com.google.firebase:firebase-storage:19.2.0] AndroidManifest.xml:35:17-82
103            <meta-data
103-->[com.google.firebase:firebase-firestore:22.0.0] AndroidManifest.xml:20:13-22:85
104                android:name="com.google.firebase.components:com.google.firebase.firestore.FirestoreRegistrar"
104-->[com.google.firebase:firebase-firestore:22.0.0] AndroidManifest.xml:21:17-111
105                android:value="com.google.firebase.components.ComponentRegistrar" />
105-->[com.google.firebase:firebase-firestore:22.0.0] AndroidManifest.xml:22:17-82
106            <meta-data
106-->[com.google.firebase:firebase-iid:21.0.0] AndroidManifest.xml:32:13-34:85
107                android:name="com.google.firebase.components:com.google.firebase.iid.Registrar"
107-->[com.google.firebase:firebase-iid:21.0.0] AndroidManifest.xml:33:17-96
108                android:value="com.google.firebase.components.ComponentRegistrar" />
108-->[com.google.firebase:firebase-iid:21.0.0] AndroidManifest.xml:34:17-82
109            <meta-data
109-->[com.google.android.gms:play-services-measurement-api:18.0.0] AndroidManifest.xml:30:13-32:85
110                android:name="com.google.firebase.components:com.google.firebase.analytics.connector.internal.AnalyticsConnectorRegistrar"
110-->[com.google.android.gms:play-services-measurement-api:18.0.0] AndroidManifest.xml:31:17-139
111                android:value="com.google.firebase.components.ComponentRegistrar" />
111-->[com.google.android.gms:play-services-measurement-api:18.0.0] AndroidManifest.xml:32:17-82
112            <meta-data
112-->[com.google.firebase:firebase-installations:16.3.4] AndroidManifest.xml:18:13-20:85
113                android:name="com.google.firebase.components:com.google.firebase.installations.FirebaseInstallationsRegistrar"
113-->[com.google.firebase:firebase-installations:16.3.4] AndroidManifest.xml:19:17-127
114                android:value="com.google.firebase.components.ComponentRegistrar" />
114-->[com.google.firebase:firebase-installations:16.3.4] AndroidManifest.xml:20:17-82
115            <meta-data
115-->[com.google.firebase:firebase-datatransport:17.0.3] AndroidManifest.xml:28:13-30:85
116                android:name="com.google.firebase.components:com.google.firebase.datatransport.TransportRegistrar"
116-->[com.google.firebase:firebase-datatransport:17.0.3] AndroidManifest.xml:29:17-115
117                android:value="com.google.firebase.components.ComponentRegistrar" />
117-->[com.google.firebase:firebase-datatransport:17.0.3] AndroidManifest.xml:30:17-82
118        </service>
119        <!--
120             FirebaseMessagingService performs security checks at runtime,
121             but set to not exported to explicitly avoid allowing another app to call it.
122        -->
123        <service
123-->[com.google.firebase:firebase-messaging:21.0.0] AndroidManifest.xml:28:9-35:19
124            android:name="com.google.firebase.messaging.FirebaseMessagingService"
124-->[com.google.firebase:firebase-messaging:21.0.0] AndroidManifest.xml:29:13-82
125            android:directBootAware="true"
125-->[com.google.firebase:firebase-messaging:21.0.0] AndroidManifest.xml:30:13-43
126            android:exported="false" >
126-->[com.google.firebase:firebase-messaging:21.0.0] AndroidManifest.xml:31:13-37
127            <intent-filter android:priority="-500" >
127-->[com.google.firebase:firebase-messaging:21.0.0] AndroidManifest.xml:32:13-34:29
127-->[com.google.firebase:firebase-messaging:21.0.0] AndroidManifest.xml:32:28-51
128                <action android:name="com.google.firebase.MESSAGING_EVENT" />
128-->[com.google.firebase:firebase-messaging:21.0.0] AndroidManifest.xml:33:17-78
128-->[com.google.firebase:firebase-messaging:21.0.0] AndroidManifest.xml:33:25-75
129            </intent-filter>
130        </service>
131
132        <activity
132-->[com.google.firebase:firebase-auth:20.0.1] AndroidManifest.xml:27:9-44:20
133            android:name="com.google.firebase.auth.internal.GenericIdpActivity"
133-->[com.google.firebase:firebase-auth:20.0.1] AndroidManifest.xml:28:13-80
134            android:excludeFromRecents="true"
134-->[com.google.firebase:firebase-auth:20.0.1] AndroidManifest.xml:29:13-46
135            android:exported="true"
135-->[com.google.firebase:firebase-auth:20.0.1] AndroidManifest.xml:30:13-36
136            android:launchMode="singleTask"
136-->[com.google.firebase:firebase-auth:20.0.1] AndroidManifest.xml:31:13-44
137            android:theme="@android:style/Theme.Translucent.NoTitleBar" >
137-->[com.google.firebase:firebase-auth:20.0.1] AndroidManifest.xml:32:13-72
138            <intent-filter>
138-->[com.google.firebase:firebase-auth:20.0.1] AndroidManifest.xml:33:13-43:29
139                <action android:name="android.intent.action.VIEW" />
139-->[com.google.firebase:firebase-auth:20.0.1] AndroidManifest.xml:34:17-69
139-->[com.google.firebase:firebase-auth:20.0.1] AndroidManifest.xml:34:25-66
140
141                <category android:name="android.intent.category.DEFAULT" />
141-->[com.google.firebase:firebase-auth:20.0.1] AndroidManifest.xml:36:17-76
141-->[com.google.firebase:firebase-auth:20.0.1] AndroidManifest.xml:36:27-73
142                <category android:name="android.intent.category.BROWSABLE" />
142-->[com.google.firebase:firebase-auth:20.0.1] AndroidManifest.xml:37:17-78
142-->[com.google.firebase:firebase-auth:20.0.1] AndroidManifest.xml:37:27-75
143
144                <data
144-->[com.google.firebase:firebase-auth:20.0.1] AndroidManifest.xml:39:17-42:51
145                    android:host="firebase.auth"
145-->[com.google.firebase:firebase-auth:20.0.1] AndroidManifest.xml:40:21-49
146                    android:path="/"
146-->[com.google.firebase:firebase-auth:20.0.1] AndroidManifest.xml:41:21-37
147                    android:scheme="genericidp" />
147-->[com.google.firebase:firebase-auth:20.0.1] AndroidManifest.xml:42:21-48
148            </intent-filter>
149        </activity>
150        <activity
150-->[com.google.firebase:firebase-auth:20.0.1] AndroidManifest.xml:45:9-62:20
151            android:name="com.google.firebase.auth.internal.RecaptchaActivity"
151-->[com.google.firebase:firebase-auth:20.0.1] AndroidManifest.xml:46:13-79
152            android:excludeFromRecents="true"
152-->[com.google.firebase:firebase-auth:20.0.1] AndroidManifest.xml:47:13-46
153            android:exported="true"
153-->[com.google.firebase:firebase-auth:20.0.1] AndroidManifest.xml:48:13-36
154            android:launchMode="singleTask"
154-->[com.google.firebase:firebase-auth:20.0.1] AndroidManifest.xml:49:13-44
155            android:theme="@android:style/Theme.Translucent.NoTitleBar" >
155-->[com.google.firebase:firebase-auth:20.0.1] AndroidManifest.xml:50:13-72
156            <intent-filter>
156-->[com.google.firebase:firebase-auth:20.0.1] AndroidManifest.xml:51:13-61:29
157                <action android:name="android.intent.action.VIEW" />
157-->[com.google.firebase:firebase-auth:20.0.1] AndroidManifest.xml:34:17-69
157-->[com.google.firebase:firebase-auth:20.0.1] AndroidManifest.xml:34:25-66
158
159                <category android:name="android.intent.category.DEFAULT" />
159-->[com.google.firebase:firebase-auth:20.0.1] AndroidManifest.xml:36:17-76
159-->[com.google.firebase:firebase-auth:20.0.1] AndroidManifest.xml:36:27-73
160                <category android:name="android.intent.category.BROWSABLE" />
160-->[com.google.firebase:firebase-auth:20.0.1] AndroidManifest.xml:37:17-78
160-->[com.google.firebase:firebase-auth:20.0.1] AndroidManifest.xml:37:27-75
161
162                <data
162-->[com.google.firebase:firebase-auth:20.0.1] AndroidManifest.xml:39:17-42:51
163                    android:host="firebase.auth"
163-->[com.google.firebase:firebase-auth:20.0.1] AndroidManifest.xml:40:21-49
164                    android:path="/"
164-->[com.google.firebase:firebase-auth:20.0.1] AndroidManifest.xml:41:21-37
165                    android:scheme="recaptcha" />
165-->[com.google.firebase:firebase-auth:20.0.1] AndroidManifest.xml:42:21-48
166            </intent-filter>
167        </activity>
168
169        <service
169-->[com.google.firebase:firebase-auth:20.0.1] AndroidManifest.xml:64:9-73:19
170            android:name="com.google.firebase.auth.api.fallback.service.FirebaseAuthFallbackService"
170-->[com.google.firebase:firebase-auth:20.0.1] AndroidManifest.xml:65:13-101
171            android:enabled="true"
171-->[com.google.firebase:firebase-auth:20.0.1] AndroidManifest.xml:66:13-35
172            android:exported="false" >
172-->[com.google.firebase:firebase-auth:20.0.1] AndroidManifest.xml:67:13-37
173            <intent-filter>
173-->[com.google.firebase:firebase-auth:20.0.1] AndroidManifest.xml:68:13-72:29
174                <action android:name="com.google.firebase.auth.api.gms.service.START" />
174-->[com.google.firebase:firebase-auth:20.0.1] AndroidManifest.xml:69:17-89
174-->[com.google.firebase:firebase-auth:20.0.1] AndroidManifest.xml:69:25-86
175
176                <category android:name="android.intent.category.DEFAULT" />
176-->[com.google.firebase:firebase-auth:20.0.1] AndroidManifest.xml:36:17-76
176-->[com.google.firebase:firebase-auth:20.0.1] AndroidManifest.xml:36:27-73
177            </intent-filter>
178        </service>
179
180        <provider
180-->[com.squareup.picasso:picasso:2.71828] AndroidManifest.xml:8:9-11:40
181            android:name="com.squareup.picasso.PicassoProvider"
181-->[com.squareup.picasso:picasso:2.71828] AndroidManifest.xml:9:13-64
182            android:authorities="com.example.signup.com.squareup.picasso"
182-->[com.squareup.picasso:picasso:2.71828] AndroidManifest.xml:10:13-72
183            android:exported="false" />
183-->[com.squareup.picasso:picasso:2.71828] AndroidManifest.xml:11:13-37
184
185        <activity
185-->[com.google.android.gms:play-services-auth:19.0.0] AndroidManifest.xml:23:9-27:75
186            android:name="com.google.android.gms.auth.api.signin.internal.SignInHubActivity"
186-->[com.google.android.gms:play-services-auth:19.0.0] AndroidManifest.xml:24:13-93
187            android:excludeFromRecents="true"
187-->[com.google.android.gms:play-services-auth:19.0.0] AndroidManifest.xml:25:13-46
188            android:exported="false"
188-->[com.google.android.gms:play-services-auth:19.0.0] AndroidManifest.xml:26:13-37
189            android:theme="@android:style/Theme.Translucent.NoTitleBar" />
189-->[com.google.android.gms:play-services-auth:19.0.0] AndroidManifest.xml:27:13-72
190        <!--
191            Service handling Google Sign-In user revocation. For apps that do not integrate with
192            Google Sign-In, this service will never be started.
193        -->
194        <service
194-->[com.google.android.gms:play-services-auth:19.0.0] AndroidManifest.xml:33:9-37:51
195            android:name="com.google.android.gms.auth.api.signin.RevocationBoundService"
195-->[com.google.android.gms:play-services-auth:19.0.0] AndroidManifest.xml:34:13-89
196            android:exported="true"
196-->[com.google.android.gms:play-services-auth:19.0.0] AndroidManifest.xml:35:13-36
197            android:permission="com.google.android.gms.auth.api.signin.permission.REVOCATION_NOTIFICATION"
197-->[com.google.android.gms:play-services-auth:19.0.0] AndroidManifest.xml:36:13-107
198            android:visibleToInstantApps="true" />
198-->[com.google.android.gms:play-services-auth:19.0.0] AndroidManifest.xml:37:13-48
199
200        <receiver
200-->[com.google.firebase:firebase-iid:21.0.0] AndroidManifest.xml:37:9-44:20
201            android:name="com.google.firebase.iid.FirebaseInstanceIdReceiver"
201-->[com.google.firebase:firebase-iid:21.0.0] AndroidManifest.xml:38:13-78
202            android:exported="true"
202-->[com.google.firebase:firebase-iid:21.0.0] AndroidManifest.xml:39:13-36
203            android:permission="com.google.android.c2dm.permission.SEND" >
203-->[com.google.firebase:firebase-iid:21.0.0] AndroidManifest.xml:40:13-73
204            <intent-filter>
204-->[com.google.firebase:firebase-iid:21.0.0] AndroidManifest.xml:41:13-43:29
205                <action android:name="com.google.android.c2dm.intent.RECEIVE" />
205-->[com.google.firebase:firebase-iid:21.0.0] AndroidManifest.xml:42:17-81
205-->[com.google.firebase:firebase-iid:21.0.0] AndroidManifest.xml:42:25-78
206            </intent-filter>
207        </receiver>
208
209        <activity
209-->[com.google.android.gms:play-services-base:17.1.0] AndroidManifest.xml:23:9-26:75
210            android:name="com.google.android.gms.common.api.GoogleApiActivity"
210-->[com.google.android.gms:play-services-base:17.1.0] AndroidManifest.xml:24:13-79
211            android:exported="false"
211-->[com.google.android.gms:play-services-base:17.1.0] AndroidManifest.xml:25:13-37
212            android:theme="@android:style/Theme.Translucent.NoTitleBar" />
212-->[com.google.android.gms:play-services-base:17.1.0] AndroidManifest.xml:26:13-72
213
214        <provider
214-->[com.google.firebase:firebase-common:19.4.0] AndroidManifest.xml:26:9-31:39
215            android:name="com.google.firebase.provider.FirebaseInitProvider"
215-->[com.google.firebase:firebase-common:19.4.0] AndroidManifest.xml:27:13-77
216            android:authorities="com.example.signup.firebaseinitprovider"
216-->[com.google.firebase:firebase-common:19.4.0] AndroidManifest.xml:28:13-72
217            android:directBootAware="true"
217-->[com.google.firebase:firebase-common:19.4.0] AndroidManifest.xml:29:13-43
218            android:exported="false"
218-->[com.google.firebase:firebase-common:19.4.0] AndroidManifest.xml:30:13-37
219            android:initOrder="100" />
219-->[com.google.firebase:firebase-common:19.4.0] AndroidManifest.xml:31:13-36
220
221        <receiver
221-->[com.google.android.gms:play-services-measurement:18.0.0] AndroidManifest.xml:29:9-33:20
222            android:name="com.google.android.gms.measurement.AppMeasurementReceiver"
222-->[com.google.android.gms:play-services-measurement:18.0.0] AndroidManifest.xml:30:13-85
223            android:enabled="true"
223-->[com.google.android.gms:play-services-measurement:18.0.0] AndroidManifest.xml:31:13-35
224            android:exported="false" >
224-->[com.google.android.gms:play-services-measurement:18.0.0] AndroidManifest.xml:32:13-37
225        </receiver>
226
227        <service
227-->[com.google.android.gms:play-services-measurement:18.0.0] AndroidManifest.xml:35:9-38:40
228            android:name="com.google.android.gms.measurement.AppMeasurementService"
228-->[com.google.android.gms:play-services-measurement:18.0.0] AndroidManifest.xml:36:13-84
229            android:enabled="true"
229-->[com.google.android.gms:play-services-measurement:18.0.0] AndroidManifest.xml:37:13-35
230            android:exported="false" />
230-->[com.google.android.gms:play-services-measurement:18.0.0] AndroidManifest.xml:38:13-37
231        <service
231-->[com.google.android.gms:play-services-measurement:18.0.0] AndroidManifest.xml:39:9-43:72
232            android:name="com.google.android.gms.measurement.AppMeasurementJobService"
232-->[com.google.android.gms:play-services-measurement:18.0.0] AndroidManifest.xml:40:13-87
233            android:enabled="true"
233-->[com.google.android.gms:play-services-measurement:18.0.0] AndroidManifest.xml:41:13-35
234            android:exported="false"
234-->[com.google.android.gms:play-services-measurement:18.0.0] AndroidManifest.xml:42:13-37
235            android:permission="android.permission.BIND_JOB_SERVICE" />
235-->[com.google.android.gms:play-services-measurement:18.0.0] AndroidManifest.xml:43:13-69
236
237        <provider
237-->[androidx.lifecycle:lifecycle-process:2.2.0] AndroidManifest.xml:25:9-29:43
238            android:name="androidx.lifecycle.ProcessLifecycleOwnerInitializer"
238-->[androidx.lifecycle:lifecycle-process:2.2.0] AndroidManifest.xml:26:13-79
239            android:authorities="com.example.signup.lifecycle-process"
239-->[androidx.lifecycle:lifecycle-process:2.2.0] AndroidManifest.xml:27:13-69
240            android:exported="false"
240-->[androidx.lifecycle:lifecycle-process:2.2.0] AndroidManifest.xml:28:13-37
241            android:multiprocess="true" />
241-->[androidx.lifecycle:lifecycle-process:2.2.0] AndroidManifest.xml:29:13-40
242
243        <service
243-->[com.google.android.datatransport:transport-backend-cct:2.2.0] AndroidManifest.xml:29:9-35:19
244            android:name="com.google.android.datatransport.runtime.backends.TransportBackendDiscovery"
244-->[com.google.android.datatransport:transport-backend-cct:2.2.0] AndroidManifest.xml:30:13-103
245            android:exported="false" >
245-->[com.google.android.datatransport:transport-backend-cct:2.2.0] AndroidManifest.xml:31:13-37
246            <meta-data
246-->[com.google.android.datatransport:transport-backend-cct:2.2.0] AndroidManifest.xml:32:13-34:39
247                android:name="backend:com.google.android.datatransport.cct.CctBackendFactory"
247-->[com.google.android.datatransport:transport-backend-cct:2.2.0] AndroidManifest.xml:33:17-94
248                android:value="cct" />
248-->[com.google.android.datatransport:transport-backend-cct:2.2.0] AndroidManifest.xml:34:17-36
249        </service>
250        <service
250-->[com.google.android.datatransport:transport-runtime:2.2.0] AndroidManifest.xml:26:9-30:19
251            android:name="com.google.android.datatransport.runtime.scheduling.jobscheduling.JobInfoSchedulerService"
251-->[com.google.android.datatransport:transport-runtime:2.2.0] AndroidManifest.xml:27:13-117
252            android:exported="false"
252-->[com.google.android.datatransport:transport-runtime:2.2.0] AndroidManifest.xml:28:13-37
253            android:permission="android.permission.BIND_JOB_SERVICE" >
253-->[com.google.android.datatransport:transport-runtime:2.2.0] AndroidManifest.xml:29:13-69
254        </service>
255
256        <receiver
256-->[com.google.android.datatransport:transport-runtime:2.2.0] AndroidManifest.xml:32:9-34:40
257            android:name="com.google.android.datatransport.runtime.scheduling.jobscheduling.AlarmManagerSchedulerBroadcastReceiver"
257-->[com.google.android.datatransport:transport-runtime:2.2.0] AndroidManifest.xml:33:13-132
258            android:exported="false" />
258-->[com.google.android.datatransport:transport-runtime:2.2.0] AndroidManifest.xml:34:13-37
259    </application>
260
261</manifest>